==8557== Memcheck, a memory error detector
==8557== Copyright (C) 2002-2017, and GNU GPL'd, by Julian Seward et al.
==8557== Using Valgrind-3.15.0 and LibVEX; rerun with -h for copyright info
==8557== Command: ./a.out
==8557== Parent PID: 5993
==8557== 
==8557== 
==8557== HEAP SUMMARY:
==8557==     in use at exit: 400 bytes in 1 blocks
==8557==   total heap usage: 1 allocs, 0 frees, 400 bytes allocated
==8557== 
==8557== 400 bytes in 1 blocks are definitely lost in loss record 1 of 1
==8557==    at 0x483B7F3: malloc (in /usr/lib/x86_64-linux-gnu/valgrind/vgpreload_memcheck-amd64-linux.so)
==8557==    by 0x10915E: main (q4.c:19)
==8557== 
==8557== LEAK SUMMARY:
==8557==    definitely lost: 400 bytes in 1 blocks
==8557==    indirectly lost: 0 bytes in 0 blocks
==8557==      possibly lost: 0 bytes in 0 blocks
==8557==    still reachable: 0 bytes in 0 blocks
==8557==         suppressed: 0 bytes in 0 blocks
==8557== 
==8557== For lists of detected and suppressed errors, rerun with: -s
==8557== ERROR SUMMARY: 1 errors from 1 contexts (suppressed: 0 from 0)
