==8550== Memcheck, a memory error detector
==8550== Copyright (C) 2002-2017, and GNU GPL'd, by Julian Seward et al.
==8550== Using Valgrind-3.15.0 and LibVEX; rerun with -h for copyright info
==8550== Command: ./a.out
==8550== Parent PID: 5993
==8550== 
==8550== Invalid write of size 4
==8550==    at 0x10916D: main (q5.c:19)
==8550==  Address 0x4a511d0 is 0 bytes after a block of size 400 alloc'd
==8550==    at 0x483B7F3: malloc (in /usr/lib/x86_64-linux-gnu/valgrind/vgpreload_memcheck-amd64-linux.so)
==8550==    by 0x10915E: main (q5.c:17)
==8550== 
==8550== 
==8550== HEAP SUMMARY:
==8550==     in use at exit: 400 bytes in 1 blocks
==8550==   total heap usage: 1 allocs, 0 frees, 400 bytes allocated
==8550== 
==8550== 400 bytes in 1 blocks are definitely lost in loss record 1 of 1
==8550==    at 0x483B7F3: malloc (in /usr/lib/x86_64-linux-gnu/valgrind/vgpreload_memcheck-amd64-linux.so)
==8550==    by 0x10915E: main (q5.c:17)
==8550== 
==8550== LEAK SUMMARY:
==8550==    definitely lost: 400 bytes in 1 blocks
==8550==    indirectly lost: 0 bytes in 0 blocks
==8550==      possibly lost: 0 bytes in 0 blocks
==8550==    still reachable: 0 bytes in 0 blocks
==8550==         suppressed: 0 bytes in 0 blocks
==8550== 
==8550== For lists of detected and suppressed errors, rerun with: -s
==8550== ERROR SUMMARY: 2 errors from 2 contexts (suppressed: 0 from 0)
