==8531== Memcheck, a memory error detector
==8531== Copyright (C) 2002-2017, and GNU GPL'd, by Julian Seward et al.
==8531== Using Valgrind-3.15.0 and LibVEX; rerun with -h for copyright info
==8531== Command: ./a.out
==8531== Parent PID: 5993
==8531== 
==8531== Invalid read of size 4
==8531==    at 0x1091E3: main (q6.c:26)
==8531==  Address 0x4a5104c is 12 bytes inside a block of size 400 free'd
==8531==    at 0x483CA3F: free (in /usr/lib/x86_64-linux-gnu/valgrind/vgpreload_memcheck-amd64-linux.so)
==8531==    by 0x1091DA: main (q6.c:24)
==8531==  Block was alloc'd at
==8531==    at 0x483B7F3: malloc (in /usr/lib/x86_64-linux-gnu/valgrind/vgpreload_memcheck-amd64-linux.so)
==8531==    by 0x10919E: main (q6.c:18)
==8531== 
==8531== 
==8531== HEAP SUMMARY:
==8531==     in use at exit: 0 bytes in 0 blocks
==8531==   total heap usage: 2 allocs, 2 frees, 1,424 bytes allocated
==8531== 
==8531== All heap blocks were freed -- no leaks are possible
==8531== 
==8531== For lists of detected and suppressed errors, rerun with: -s
==8531== ERROR SUMMARY: 1 errors from 1 contexts (suppressed: 0 from 0)
